\BOOKMARK [-1][-]{part.1}{I Electricity}{}% 1
\BOOKMARK [0][-]{chapter.1}{Electrical Engineering}{part.1}% 2
\BOOKMARK [-1][-]{part.2}{II Radio}{}% 3
\BOOKMARK [0][-]{chapter.2}{American, British, Norwegian, and European Radio History}{part.2}% 4
\BOOKMARK [0][-]{chapter.3}{Sound waves}{part.2}% 5
\BOOKMARK [0][-]{chapter.4}{Electrical fields}{part.2}% 6
\BOOKMARK [0][-]{chapter.5}{Electrical systems}{part.2}% 7
\BOOKMARK [1][-]{section.5.1}{Conduction}{chapter.5}% 8
\BOOKMARK [1][-]{section.5.2}{Induction}{chapter.5}% 9
\BOOKMARK [1][-]{section.5.3}{Radiation}{chapter.5}% 10
\BOOKMARK [-1][-]{part.3}{III Computers}{}% 11
\BOOKMARK [0][-]{chapter.6}{Computer systems}{part.3}% 12
\BOOKMARK [0][-]{chapter.7}{Computer storage}{part.3}% 13
\BOOKMARK [0][-]{chapter.8}{Network systems}{part.3}% 14
\BOOKMARK [0][-]{chapter.9}{Network adressing}{part.3}% 15
\BOOKMARK [0][-]{chapter.10}{Internet systems \(Internet Protocol\)}{part.3}% 16
\BOOKMARK [0][-]{chapter.11}{Domain Name Systems for Internet systems}{part.3}% 17
\BOOKMARK [0][-]{chapter.12}{Radio microphones}{part.3}% 18
\BOOKMARK [0][-]{chapter.13}{Audio systems}{part.3}% 19
\BOOKMARK [0][-]{chapter.14}{Audio codecs}{part.3}% 20
\BOOKMARK [0][-]{chapter.15}{Audio fingerprinting}{part.3}% 21
\BOOKMARK [0][-]{chapter.16}{Audio response}{part.3}% 22
\BOOKMARK [0][-]{chapter.17}{Visual response}{part.3}% 23
\BOOKMARK [0][-]{chapter.18}{Graphical Display interfaces}{part.3}% 24
\BOOKMARK [0][-]{chapter.19}{Operating systems}{part.3}% 25
\BOOKMARK [0][-]{chapter.20}{Installation systems}{part.3}% 26
\BOOKMARK [0][-]{chapter.21}{Desktop Systems}{part.3}% 27
\BOOKMARK [0][-]{chapter.22}{Mapping systems}{part.3}% 28
\BOOKMARK [0][-]{chapter.23}{Graphical User Interface systems}{part.3}% 29
\BOOKMARK [0][-]{chapter.24}{Experiment}{part.3}% 30
\BOOKMARK [1][-]{section.24.1}{Time-Dilation in Internet-to-FM Audio Signal}{chapter.24}% 31
\BOOKMARK [1][-]{section.24.2}{Experiment Setup Details}{chapter.24}% 32
\BOOKMARK [0][-]{chapter.25}{Result of experiment}{part.3}% 33
\BOOKMARK [0][-]{chapter.26}{Final production system}{part.3}% 34
\BOOKMARK [0][-]{chapter.27}{Survey}{part.3}% 35
\BOOKMARK [0][-]{chapter.28}{Result}{part.3}% 36
\BOOKMARK [0][-]{chapter.29}{Future work}{part.3}% 37
\BOOKMARK [-1][-]{part.4}{IV Software}{}% 38
\BOOKMARK [0][-]{chapter.30}{Position of Radio in the 7 Layers of the OSI Model}{part.4}% 39
\BOOKMARK [1][-]{section.30.1}{Application}{chapter.30}% 40
\BOOKMARK [1][-]{section.30.2}{Presentation}{chapter.30}% 41
\BOOKMARK [1][-]{section.30.3}{Session}{chapter.30}% 42
\BOOKMARK [1][-]{section.30.4}{Transport}{chapter.30}% 43
\BOOKMARK [1][-]{section.30.5}{Network}{chapter.30}% 44
\BOOKMARK [1][-]{section.30.6}{Data Link}{chapter.30}% 45
\BOOKMARK [1][-]{section.30.7}{Physical}{chapter.30}% 46
\BOOKMARK [0][-]{chapter.31}{Source Code in gnome-internet-radio-locator-3.0.1.tar.xz}{part.4}% 47
\BOOKMARK [1][-]{section.31.1}{gnome-internet-radio-locator.c}{chapter.31}% 48
\BOOKMARK [1][-]{section.31.2}{gnome-internet-radio-locator-gui.c}{chapter.31}% 49
\BOOKMARK [1][-]{section.31.3}{gnome-internet-radio-locator-listener.c}{chapter.31}% 50
\BOOKMARK [1][-]{section.31.4}{gnome-internet-radio-locator-markers.c}{chapter.31}% 51
\BOOKMARK [1][-]{section.31.5}{gnome-internet-radio-locator-player.c}{chapter.31}% 52
\BOOKMARK [1][-]{section.31.6}{gnome-internet-radio-locator-program.c}{chapter.31}% 53
\BOOKMARK [1][-]{section.31.7}{gnome-internet-radio-locator-runners.c}{chapter.31}% 54
\BOOKMARK [1][-]{section.31.8}{gnome-internet-radio-locator-station.c}{chapter.31}% 55
\BOOKMARK [1][-]{section.31.9}{gnome-internet-radio-locator-stations-map.c}{chapter.31}% 56
\BOOKMARK [1][-]{section.31.10}{gnome-internet-radio-locator-streams.c}{chapter.31}% 57
\BOOKMARK [1][-]{section.31.11}{gnome-internet-radio-locator-tz.c}{chapter.31}% 58
\BOOKMARK [1][-]{section.31.12}{gnome-internet-radio-locator-gui.h}{chapter.31}% 59
\BOOKMARK [1][-]{section.31.13}{gnome-internet-radio-locator.h}{chapter.31}% 60
\BOOKMARK [1][-]{section.31.14}{gnome-internet-radio-locator-keys.h}{chapter.31}% 61
\BOOKMARK [1][-]{section.31.15}{gnome-internet-radio-locator-listener.h}{chapter.31}% 62
\BOOKMARK [1][-]{section.31.16}{gnome-internet-radio-locator-markers.h}{chapter.31}% 63
\BOOKMARK [1][-]{section.31.17}{gnome-internet-radio-locator-player.h}{chapter.31}% 64
\BOOKMARK [1][-]{section.31.18}{gnome-internet-radio-locator-kb.h}{chapter.31}% 65
\BOOKMARK [1][-]{section.31.19}{gnome-internet-radio-locator-player-renderer.h}{chapter.31}% 66
\BOOKMARK [1][-]{section.31.20}{gnome-internet-radio-locator-player-resourcer.h}{chapter.31}% 67
\BOOKMARK [1][-]{section.31.21}{gnome-internet-radio-locator-program.h}{chapter.31}% 68
\BOOKMARK [1][-]{section.31.22}{gnome-internet-radio-locator-runners.h}{chapter.31}% 69
\BOOKMARK [1][-]{section.31.23}{gnome-internet-radio-locator-station.h}{chapter.31}% 70
\BOOKMARK [1][-]{section.31.24}{gnome-internet-radio-locator-stations-map.h}{chapter.31}% 71
\BOOKMARK [1][-]{section.31.25}{gnome-internet-radio-locator-streams.h}{chapter.31}% 72
\BOOKMARK [1][-]{section.31.26}{gnome-internet-radio-locator-tz.h}{chapter.31}% 73
\BOOKMARK [0][-]{chapter.32}{Source Code in gnome-radio-0.2.0.tar.gz}{part.4}% 74
\BOOKMARK [1][-]{section.32.1}{gnome-radio-file.c}{chapter.32}% 75
\BOOKMARK [1][-]{section.32.2}{gnome-radio-file.h}{chapter.32}% 76
\BOOKMARK [1][-]{section.32.3}{gnome-radio-main.c}{chapter.32}% 77
\BOOKMARK [-1][-]{part.5}{V Software Packages for i386, x86\13764 and amd64}{}% 78
\BOOKMARK [-1][-]{part.6}{VI Figures and Layouts}{}% 79
\BOOKMARK [0][-]{chapter.33}{Illustrations}{part.6}% 80
\BOOKMARK [0][-]{chapter.34}{Electronical Layouts}{part.6}% 81
\BOOKMARK [1][-]{section.34.1}{Wireless Transmission}{chapter.34}% 82
\BOOKMARK [1][-]{section.34.2}{Radio Transmission}{chapter.34}% 83
\BOOKMARK [1][-]{section.34.3}{Microphone}{chapter.34}% 84
\BOOKMARK [1][-]{section.34.4}{Loudspeaker}{chapter.34}% 85
\BOOKMARK [-1][-]{part.7}{VII Classification of radio}{}% 86
\BOOKMARK [-1][-]{part.8}{VIII Human vs. algorithmic curation of music on radio}{}% 87
\BOOKMARK [-1][-]{part.9}{IX Rescue and emergency communication over public radio}{}% 88
\BOOKMARK [-1][-]{part.10}{X Essay: Democratic voices on public radio in Norway as Free Software \(gnomeradio.org\)}{}% 89
\BOOKMARK [-1][-]{part.11}{XI Binary Delivery}{}% 90
